firebase-installations/build/intermediates/manifest_merge_blame_file/debug/manifest-merger-blame-debug-report.txt
1<?xml version="1.0" encoding="utf-8"?>
2<manifest xmlns:android="http://schemas.android.com/apk/res/android"
3    package="com.google.firebase.installations" >
4
5    <uses-sdk
6        android:minSdkVersion="23"
6-->src\main\AndroidManifest.xml
7        android:targetSdkVersion="33" />
7-->src\main\AndroidManifest.xml
8
9    <uses-permission android:name="android.permission.ACCESS_NETWORK_STATE" />
9-->src\main\AndroidManifest.xml:4:5-79
9-->src\main\AndroidManifest.xml:4:22-76
10    <uses-permission android:name="android.permission.INTERNET" />
10-->src\main\AndroidManifest.xml:5:5-67
10-->src\main\AndroidManifest.xml:5:22-64
11    <!-- Although the *SdkVersion is captured in gradle build files, this is required for non gradle builds -->
12    <!-- <uses-sdk android:minSdkVersion="14"/> -->
13    <application>
13-->src\main\AndroidManifest.xml:8:5-16:19
14        <service
14-->src\main\AndroidManifest.xml:9:9-15:19
15            android:name="com.google.firebase.components.ComponentDiscoveryService"
15-->src\main\AndroidManifest.xml:10:13-84
16            android:exported="false" >
16-->src\main\AndroidManifest.xml:11:13-37
17            <meta-data
17-->src\main\AndroidManifest.xml:12:13-14:85
18                android:name="com.google.firebase.components:com.google.firebase.installations.FirebaseInstallationsRegistrar"
18-->src\main\AndroidManifest.xml:13:17-127
19                android:value="com.google.firebase.components.ComponentRegistrar" />
19-->src\main\AndroidManifest.xml:14:17-82
20        </service>
21    </application>
22
23</manifest>